This file contains any messages produced by compilers while
running configure, to aid debugging if configure makes a mistake.

It was created by sec_v2xd configure 1.1.0, which was
generated by GNU Autoconf 2.69.  Invocation command line was

  $ ./configure -prefix=/home/yuk6szh/DATA/GIT_V2X/V2X-Security-Stack

## --------- ##
## Platform. ##
## --------- ##

hostname = SZHPC12050
uname -m = x86_64
uname -r = 4.4.0-184-generic
uname -s = Linux
uname -v = #214-Ubuntu SMP Thu Jun 4 10:14:11 UTC 2020

/usr/bin/uname -p = unknown
/bin/uname -X     = unknown

/bin/arch              = unknown
/usr/bin/arch -k       = unknown
/usr/convex/getsysinfo = unknown
/usr/bin/hostinfo      = unknown
/bin/machine           = unknown
/usr/bin/oslevel       = unknown
/bin/universe          = unknown

PATH: /opt/rbcm-qt-creator/bin
PATH: /opt/Qt5.6.3/5.6.3/gcc_64/bin
PATH: /usr/local/sbin
PATH: /usr/local/bin
PATH: /usr/sbin
PATH: /usr/bin
PATH: /sbin
PATH: /bin
PATH: /usr/games
PATH: /usr/local/games
PATH: /usr/bin/fastboot
PATH: /usr/bin/fastboot


## ----------- ##
## Core tests. ##
## ----------- ##

configure:2592: checking for a BSD-compatible install
configure:2660: result: /usr/bin/install -c
configure:2671: checking whether build environment is sane
configure:2726: result: yes
configure:2877: checking for a thread-safe mkdir -p
configure:2916: result: /bin/mkdir -p
configure:2923: checking for gawk
configure:2939: found /usr/bin/gawk
configure:2950: result: gawk
configure:2961: checking whether make sets $(MAKE)
configure:2983: result: yes
configure:3012: checking whether make supports nested variables
configure:3029: result: yes
configure:3216: checking for g++
configure:3232: found /usr/bin/g++
configure:3243: result: g++
configure:3270: checking for C++ compiler version
configure:3279: g++ --version >&5
g++ (Ubuntu 5.4.0-6ubuntu1~16.04.12) 5.4.0 20160609
Copyright (C) 2015 Free Software Foundation, Inc.
This is free software; see the source for copying conditions.  There is NO
warranty; not even for MERCHANTABILITY or FITNESS FOR A PARTICULAR PURPOSE.

configure:3290: $? = 0
configure:3279: g++ -v >&5
Using built-in specs.
COLLECT_GCC=g++
COLLECT_LTO_WRAPPER=/usr/lib/gcc/x86_64-linux-gnu/5/lto-wrapper
Target: x86_64-linux-gnu
Configured with: ../src/configure -v --with-pkgversion='Ubuntu 5.4.0-6ubuntu1~16.04.12' --with-bugurl=file:///usr/share/doc/gcc-5/README.Bugs --enable-languages=c,ada,c++,java,go,d,fortran,objc,obj-c++ --prefix=/usr --program-suffix=-5 --enable-shared --enable-linker-build-id --libexecdir=/usr/lib --without-included-gettext --enable-threads=posix --libdir=/usr/lib --enable-nls --with-sysroot=/ --enable-clocale=gnu --enable-libstdcxx-debug --enable-libstdcxx-time=yes --with-default-libstdcxx-abi=new --enable-gnu-unique-object --disable-vtable-verify --enable-libmpx --enable-plugin --with-system-zlib --disable-browser-plugin --enable-java-awt=gtk --enable-gtk-cairo --with-java-home=/usr/lib/jvm/java-1.5.0-gcj-5-amd64/jre --enable-java-home --with-jvm-root-dir=/usr/lib/jvm/java-1.5.0-gcj-5-amd64 --with-jvm-jar-dir=/usr/lib/jvm-exports/java-1.5.0-gcj-5-amd64 --with-arch-directory=amd64 --with-ecj-jar=/usr/share/java/eclipse-ecj.jar --enable-objc-gc --enable-multiarch --disable-werror --with-arch-32=i686 --with-abi=m64 --with-multilib-list=m32,m64,mx32 --enable-multilib --with-tune=generic --enable-checking=release --build=x86_64-linux-gnu --host=x86_64-linux-gnu --target=x86_64-linux-gnu
Thread model: posix
gcc version 5.4.0 20160609 (Ubuntu 5.4.0-6ubuntu1~16.04.12) 
configure:3290: $? = 0
configure:3279: g++ -V >&5
g++: error: unrecognized command line option '-V'
g++: fatal error: no input files
compilation terminated.
configure:3290: $? = 1
configure:3279: g++ -qversion >&5
g++: error: unrecognized command line option '-qversion'
g++: fatal error: no input files
compilation terminated.
configure:3290: $? = 1
configure:3310: checking whether the C++ compiler works
configure:3332: g++    conftest.cpp  >&5
configure:3336: $? = 0
configure:3384: result: yes
configure:3387: checking for C++ compiler default output file name
configure:3389: result: a.out
configure:3395: checking for suffix of executables
configure:3402: g++ -o conftest    conftest.cpp  >&5
configure:3406: $? = 0
configure:3428: result: 
configure:3450: checking whether we are cross compiling
configure:3458: g++ -o conftest    conftest.cpp  >&5
configure:3462: $? = 0
configure:3469: ./conftest
configure:3473: $? = 0
configure:3488: result: no
configure:3493: checking for suffix of object files
configure:3515: g++ -c   conftest.cpp >&5
configure:3519: $? = 0
configure:3540: result: o
configure:3544: checking whether we are using the GNU C++ compiler
configure:3563: g++ -c   conftest.cpp >&5
configure:3563: $? = 0
configure:3572: result: yes
configure:3581: checking whether g++ accepts -g
configure:3601: g++ -c -g  conftest.cpp >&5
configure:3601: $? = 0
configure:3642: result: yes
configure:3676: checking for style of include used by make
configure:3704: result: GNU
configure:3730: checking dependency style of g++
configure:3841: result: gcc3
configure:3860: checking for gawk
configure:3887: result: gawk
configure:3946: checking for gcc
configure:3962: found /usr/bin/gcc
configure:3973: result: gcc
configure:4202: checking for C compiler version
configure:4211: gcc --version >&5
gcc (Ubuntu 5.4.0-6ubuntu1~16.04.12) 5.4.0 20160609
Copyright (C) 2015 Free Software Foundation, Inc.
This is free software; see the source for copying conditions.  There is NO
warranty; not even for MERCHANTABILITY or FITNESS FOR A PARTICULAR PURPOSE.

configure:4222: $? = 0
configure:4211: gcc -v >&5
Using built-in specs.
COLLECT_GCC=gcc
COLLECT_LTO_WRAPPER=/usr/lib/gcc/x86_64-linux-gnu/5/lto-wrapper
Target: x86_64-linux-gnu
Configured with: ../src/configure -v --with-pkgversion='Ubuntu 5.4.0-6ubuntu1~16.04.12' --with-bugurl=file:///usr/share/doc/gcc-5/README.Bugs --enable-languages=c,ada,c++,java,go,d,fortran,objc,obj-c++ --prefix=/usr --program-suffix=-5 --enable-shared --enable-linker-build-id --libexecdir=/usr/lib --without-included-gettext --enable-threads=posix --libdir=/usr/lib --enable-nls --with-sysroot=/ --enable-clocale=gnu --enable-libstdcxx-debug --enable-libstdcxx-time=yes --with-default-libstdcxx-abi=new --enable-gnu-unique-object --disable-vtable-verify --enable-libmpx --enable-plugin --with-system-zlib --disable-browser-plugin --enable-java-awt=gtk --enable-gtk-cairo --with-java-home=/usr/lib/jvm/java-1.5.0-gcj-5-amd64/jre --enable-java-home --with-jvm-root-dir=/usr/lib/jvm/java-1.5.0-gcj-5-amd64 --with-jvm-jar-dir=/usr/lib/jvm-exports/java-1.5.0-gcj-5-amd64 --with-arch-directory=amd64 --with-ecj-jar=/usr/share/java/eclipse-ecj.jar --enable-objc-gc --enable-multiarch --disable-werror --with-arch-32=i686 --with-abi=m64 --with-multilib-list=m32,m64,mx32 --enable-multilib --with-tune=generic --enable-checking=release --build=x86_64-linux-gnu --host=x86_64-linux-gnu --target=x86_64-linux-gnu
Thread model: posix
gcc version 5.4.0 20160609 (Ubuntu 5.4.0-6ubuntu1~16.04.12) 
configure:4222: $? = 0
configure:4211: gcc -V >&5
gcc: error: unrecognized command line option '-V'
gcc: fatal error: no input files
compilation terminated.
configure:4222: $? = 1
configure:4211: gcc -qversion >&5
gcc: error: unrecognized command line option '-qversion'
gcc: fatal error: no input files
compilation terminated.
configure:4222: $? = 1
configure:4226: checking whether we are using the GNU C compiler
configure:4245: gcc -c   conftest.c >&5
configure:4245: $? = 0
configure:4254: result: yes
configure:4263: checking whether gcc accepts -g
configure:4283: gcc -c -g  conftest.c >&5
configure:4283: $? = 0
configure:4324: result: yes
configure:4341: checking for gcc option to accept ISO C89
configure:4404: gcc  -c -g -O2  conftest.c >&5
configure:4404: $? = 0
configure:4417: result: none needed
configure:4442: checking whether gcc understands -c and -o together
configure:4464: gcc -c conftest.c -o conftest2.o
configure:4467: $? = 0
configure:4464: gcc -c conftest.c -o conftest2.o
configure:4467: $? = 0
configure:4479: result: yes
configure:4498: checking dependency style of gcc
configure:4609: result: gcc3
configure:4629: checking how to run the C preprocessor
configure:4660: gcc -E  conftest.c
configure:4660: $? = 0
configure:4674: gcc -E  conftest.c
conftest.c:11:28: fatal error: ac_nonexistent.h: No such file or directory
compilation terminated.
configure:4674: $? = 1
configure: failed program was:
| /* confdefs.h */
| #define PACKAGE_NAME "sec_v2xd"
| #define PACKAGE_TARNAME "sec_v2xd"
| #define PACKAGE_VERSION "1.1.0"
| #define PACKAGE_STRING "sec_v2xd 1.1.0"
| #define PACKAGE_BUGREPORT "xx@xx.com"
| #define PACKAGE_URL ""
| #define PACKAGE "sec_v2xd"
| #define VERSION "1.1.0"
| /* end confdefs.h.  */
| #include <ac_nonexistent.h>
configure:4699: result: gcc -E
configure:4719: gcc -E  conftest.c
configure:4719: $? = 0
configure:4733: gcc -E  conftest.c
conftest.c:11:28: fatal error: ac_nonexistent.h: No such file or directory
compilation terminated.
configure:4733: $? = 1
configure: failed program was:
| /* confdefs.h */
| #define PACKAGE_NAME "sec_v2xd"
| #define PACKAGE_TARNAME "sec_v2xd"
| #define PACKAGE_VERSION "1.1.0"
| #define PACKAGE_STRING "sec_v2xd 1.1.0"
| #define PACKAGE_BUGREPORT "xx@xx.com"
| #define PACKAGE_URL ""
| #define PACKAGE "sec_v2xd"
| #define VERSION "1.1.0"
| /* end confdefs.h.  */
| #include <ac_nonexistent.h>
configure:4762: checking whether ln -s works
configure:4766: result: yes
configure:4773: checking whether make sets $(MAKE)
configure:4795: result: yes
configure:4834: checking build system type
configure:4848: result: x86_64-pc-linux-gnu
configure:4868: checking host system type
configure:4881: result: x86_64-pc-linux-gnu
configure:4922: checking how to print strings
configure:4949: result: printf
configure:4970: checking for a sed that does not truncate output
configure:5034: result: /bin/sed
configure:5052: checking for grep that handles long lines and -e
configure:5110: result: /bin/grep
configure:5115: checking for egrep
configure:5177: result: /bin/grep -E
configure:5182: checking for fgrep
configure:5244: result: /bin/grep -F
configure:5279: checking for ld used by gcc
configure:5346: result: /usr/bin/ld
configure:5353: checking if the linker (/usr/bin/ld) is GNU ld
configure:5368: result: yes
configure:5380: checking for BSD- or MS-compatible name lister (nm)
configure:5434: result: /usr/bin/nm -B
configure:5564: checking the name lister (/usr/bin/nm -B) interface
configure:5571: gcc -c -g -O2  conftest.c >&5
configure:5574: /usr/bin/nm -B "conftest.o"
configure:5577: output
0000000000000000 B some_variable
configure:5584: result: BSD nm
configure:5588: checking the maximum length of command line arguments
configure:5719: result: 1572864
configure:5767: checking how to convert x86_64-pc-linux-gnu file names to x86_64-pc-linux-gnu format
configure:5807: result: func_convert_file_noop
configure:5814: checking how to convert x86_64-pc-linux-gnu file names to toolchain format
configure:5834: result: func_convert_file_noop
configure:5841: checking for /usr/bin/ld option to reload object files
configure:5848: result: -r
configure:5922: checking for objdump
configure:5938: found /usr/bin/objdump
configure:5949: result: objdump
configure:5981: checking how to recognize dependent libraries
configure:6181: result: pass_all
configure:6266: checking for dlltool
configure:6296: result: no
configure:6326: checking how to associate runtime and link libraries
configure:6353: result: printf %s\n
configure:6414: checking for ar
configure:6430: found /usr/bin/ar
configure:6441: result: ar
configure:6478: checking for archiver @FILE support
configure:6495: gcc -c -g -O2  conftest.c >&5
configure:6495: $? = 0
configure:6498: ar cru libconftest.a @conftest.lst >&5
ar: `u' modifier ignored since `D' is the default (see `U')
configure:6501: $? = 0
configure:6506: ar cru libconftest.a @conftest.lst >&5
ar: `u' modifier ignored since `D' is the default (see `U')
ar: conftest.o: No such file or directory
configure:6509: $? = 1
configure:6521: result: @
configure:6579: checking for strip
configure:6595: found /usr/bin/strip
configure:6606: result: strip
configure:6678: checking for ranlib
configure:6694: found /usr/bin/ranlib
configure:6705: result: ranlib
configure:6807: checking command to parse /usr/bin/nm -B output from gcc object
configure:6960: gcc -c -g -O2  conftest.c >&5
configure:6963: $? = 0
configure:6967: /usr/bin/nm -B conftest.o \| sed -n -e 's/^.*[ ]\([ABCDGIRSTW][ABCDGIRSTW]*\)[ ][ ]*\([_A-Za-z][_A-Za-z0-9]*\)$/\1 \2 \2/p' | sed '/ __gnu_lto/d' \> conftest.nm
configure:6970: $? = 0
configure:7036: gcc -o conftest -g -O2   conftest.c conftstm.o >&5
configure:7039: $? = 0
configure:7077: result: ok
configure:7124: checking for sysroot
configure:7154: result: no
configure:7161: checking for a working dd
configure:7199: result: /bin/dd
configure:7203: checking how to truncate binary pipes
configure:7218: result: /bin/dd bs=4096 count=1
configure:7354: gcc -c -g -O2  conftest.c >&5
configure:7357: $? = 0
configure:7547: checking for mt
configure:7563: found /bin/mt
configure:7574: result: mt
configure:7597: checking if mt is a manifest tool
configure:7603: mt '-?'
configure:7611: result: no
configure:8284: checking for ANSI C header files
configure:8304: gcc -c -g -O2  conftest.c >&5
configure:8304: $? = 0
configure:8377: gcc -o conftest -g -O2   conftest.c  >&5
configure:8377: $? = 0
configure:8377: ./conftest
configure:8377: $? = 0
configure:8388: result: yes
configure:8401: checking for sys/types.h
configure:8401: gcc -c -g -O2  conftest.c >&5
configure:8401: $? = 0
configure:8401: result: yes
configure:8401: checking for sys/stat.h
configure:8401: gcc -c -g -O2  conftest.c >&5
configure:8401: $? = 0
configure:8401: result: yes
configure:8401: checking for stdlib.h
configure:8401: gcc -c -g -O2  conftest.c >&5
configure:8401: $? = 0
configure:8401: result: yes
configure:8401: checking for string.h
configure:8401: gcc -c -g -O2  conftest.c >&5
configure:8401: $? = 0
configure:8401: result: yes
configure:8401: checking for memory.h
configure:8401: gcc -c -g -O2  conftest.c >&5
configure:8401: $? = 0
configure:8401: result: yes
configure:8401: checking for strings.h
configure:8401: gcc -c -g -O2  conftest.c >&5
configure:8401: $? = 0
configure:8401: result: yes
configure:8401: checking for inttypes.h
configure:8401: gcc -c -g -O2  conftest.c >&5
configure:8401: $? = 0
configure:8401: result: yes
configure:8401: checking for stdint.h
configure:8401: gcc -c -g -O2  conftest.c >&5
configure:8401: $? = 0
configure:8401: result: yes
configure:8401: checking for unistd.h
configure:8401: gcc -c -g -O2  conftest.c >&5
configure:8401: $? = 0
configure:8401: result: yes
configure:8415: checking for dlfcn.h
configure:8415: gcc -c -g -O2  conftest.c >&5
configure:8415: $? = 0
configure:8415: result: yes
configure:8682: checking for objdir
configure:8697: result: .libs
configure:8961: checking if gcc supports -fno-rtti -fno-exceptions
configure:8979: gcc -c -g -O2  -fno-rtti -fno-exceptions conftest.c >&5
cc1: warning: command line option '-fno-rtti' is valid for C++/ObjC++ but not for C
configure:8983: $? = 0
configure:8996: result: no
configure:9354: checking for gcc option to produce PIC
configure:9361: result: -fPIC -DPIC
configure:9369: checking if gcc PIC flag -fPIC -DPIC works
configure:9387: gcc -c -g -O2  -fPIC -DPIC -DPIC conftest.c >&5
configure:9391: $? = 0
configure:9404: result: yes
configure:9433: checking if gcc static flag -static works
configure:9461: result: yes
configure:9476: checking if gcc supports -c -o file.o
configure:9497: gcc -c -g -O2  -o out/conftest2.o conftest.c >&5
configure:9501: $? = 0
configure:9523: result: yes
configure:9531: checking if gcc supports -c -o file.o
configure:9578: result: yes
configure:9611: checking whether the gcc linker (/usr/bin/ld -m elf_x86_64) supports shared libraries
configure:10874: result: yes
configure:10911: checking whether -lc should be explicitly linked in
configure:10919: gcc -c -g -O2  conftest.c >&5
configure:10922: $? = 0
configure:10937: gcc -shared  -fPIC -DPIC conftest.o  -v -Wl,-soname -Wl,conftest -o conftest 2\>\&1 \| /bin/grep  -lc  \>/dev/null 2\>\&1
configure:10940: $? = 0
configure:10954: result: no
configure:11114: checking dynamic linker characteristics
configure:11695: gcc -o conftest -g -O2   -Wl,-rpath -Wl,/foo conftest.c  >&5
configure:11695: $? = 0
configure:11944: result: GNU/Linux ld.so
configure:12066: checking how to hardcode library paths into programs
configure:12091: result: immediate
configure:12639: checking whether stripping libraries is possible
configure:12644: result: yes
configure:12679: checking if libtool supports shared libraries
configure:12681: result: yes
configure:12684: checking whether to build shared libraries
configure:12709: result: yes
configure:12712: checking whether to build static libraries
configure:12716: result: yes
configure:12739: checking how to run the C++ preprocessor
configure:12766: g++ -E  conftest.cpp
configure:12766: $? = 0
configure:12780: g++ -E  conftest.cpp
conftest.cpp:23:28: fatal error: ac_nonexistent.h: No such file or directory
compilation terminated.
configure:12780: $? = 1
configure: failed program was:
| /* confdefs.h */
| #define PACKAGE_NAME "sec_v2xd"
| #define PACKAGE_TARNAME "sec_v2xd"
| #define PACKAGE_VERSION "1.1.0"
| #define PACKAGE_STRING "sec_v2xd 1.1.0"
| #define PACKAGE_BUGREPORT "xx@xx.com"
| #define PACKAGE_URL ""
| #define PACKAGE "sec_v2xd"
| #define VERSION "1.1.0"
| #define STDC_HEADERS 1
| #define HAVE_SYS_TYPES_H 1
| #define HAVE_SYS_STAT_H 1
| #define HAVE_STDLIB_H 1
| #define HAVE_STRING_H 1
| #define HAVE_MEMORY_H 1
| #define HAVE_STRINGS_H 1
| #define HAVE_INTTYPES_H 1
| #define HAVE_STDINT_H 1
| #define HAVE_UNISTD_H 1
| #define HAVE_DLFCN_H 1
| #define LT_OBJDIR ".libs/"
| /* end confdefs.h.  */
| #include <ac_nonexistent.h>
configure:12805: result: g++ -E
configure:12825: g++ -E  conftest.cpp
configure:12825: $? = 0
configure:12839: g++ -E  conftest.cpp
conftest.cpp:23:28: fatal error: ac_nonexistent.h: No such file or directory
compilation terminated.
configure:12839: $? = 1
configure: failed program was:
| /* confdefs.h */
| #define PACKAGE_NAME "sec_v2xd"
| #define PACKAGE_TARNAME "sec_v2xd"
| #define PACKAGE_VERSION "1.1.0"
| #define PACKAGE_STRING "sec_v2xd 1.1.0"
| #define PACKAGE_BUGREPORT "xx@xx.com"
| #define PACKAGE_URL ""
| #define PACKAGE "sec_v2xd"
| #define VERSION "1.1.0"
| #define STDC_HEADERS 1
| #define HAVE_SYS_TYPES_H 1
| #define HAVE_SYS_STAT_H 1
| #define HAVE_STDLIB_H 1
| #define HAVE_STRING_H 1
| #define HAVE_MEMORY_H 1
| #define HAVE_STRINGS_H 1
| #define HAVE_INTTYPES_H 1
| #define HAVE_STDINT_H 1
| #define HAVE_UNISTD_H 1
| #define HAVE_DLFCN_H 1
| #define LT_OBJDIR ".libs/"
| /* end confdefs.h.  */
| #include <ac_nonexistent.h>
configure:13001: checking for ld used by g++
configure:13068: result: /usr/bin/ld -m elf_x86_64
configure:13075: checking if the linker (/usr/bin/ld -m elf_x86_64) is GNU ld
configure:13090: result: yes
configure:13145: checking whether the g++ linker (/usr/bin/ld -m elf_x86_64) supports shared libraries
configure:14218: result: yes
configure:14254: g++ -c -g -O2  conftest.cpp >&5
configure:14257: $? = 0
configure:14738: checking for g++ option to produce PIC
configure:14745: result: -fPIC -DPIC
configure:14753: checking if g++ PIC flag -fPIC -DPIC works
configure:14771: g++ -c -g -O2  -fPIC -DPIC -DPIC conftest.cpp >&5
configure:14775: $? = 0
configure:14788: result: yes
configure:14811: checking if g++ static flag -static works
configure:14839: result: yes
configure:14851: checking if g++ supports -c -o file.o
configure:14872: g++ -c -g -O2  -o out/conftest2.o conftest.cpp >&5
configure:14876: $? = 0
configure:14898: result: yes
configure:14903: checking if g++ supports -c -o file.o
configure:14950: result: yes
configure:14980: checking whether the g++ linker (/usr/bin/ld -m elf_x86_64) supports shared libraries
configure:15023: result: yes
configure:15164: checking dynamic linker characteristics
configure:15921: result: GNU/Linux ld.so
configure:15986: checking how to hardcode library paths into programs
configure:16011: result: immediate
configure:16075: checking for main in -lcrypto
configure:16094: gcc -o conftest -g -O2   conftest.c -lcrypto   >&5
configure:16094: $? = 0
configure:16103: result: yes
configure:16115: checking for main in -ldl
configure:16134: gcc -o conftest -g -O2   conftest.c -ldl  -lcrypto  >&5
configure:16134: $? = 0
configure:16143: result: yes
configure:16155: checking for main in -lpthread
configure:16174: gcc -o conftest -g -O2   conftest.c -lpthread  -ldl -lcrypto  >&5
configure:16174: $? = 0
configure:16183: result: yes
configure:16195: checking for main in -lssl
configure:16214: gcc -o conftest -g -O2   conftest.c -lssl  -lpthread -ldl -lcrypto  >&5
configure:16214: $? = 0
configure:16223: result: yes
configure:16236: checking for size_t
configure:16236: gcc -c -g -O2  conftest.c >&5
configure:16236: $? = 0
configure:16236: gcc -c -g -O2  conftest.c >&5
conftest.c: In function 'main':
conftest.c:63:21: error: expected expression before ')' token
 if (sizeof ((size_t)))
                     ^
configure:16236: $? = 1
configure: failed program was:
| /* confdefs.h */
| #define PACKAGE_NAME "sec_v2xd"
| #define PACKAGE_TARNAME "sec_v2xd"
| #define PACKAGE_VERSION "1.1.0"
| #define PACKAGE_STRING "sec_v2xd 1.1.0"
| #define PACKAGE_BUGREPORT "xx@xx.com"
| #define PACKAGE_URL ""
| #define PACKAGE "sec_v2xd"
| #define VERSION "1.1.0"
| #define STDC_HEADERS 1
| #define HAVE_SYS_TYPES_H 1
| #define HAVE_SYS_STAT_H 1
| #define HAVE_STDLIB_H 1
| #define HAVE_STRING_H 1
| #define HAVE_MEMORY_H 1
| #define HAVE_STRINGS_H 1
| #define HAVE_INTTYPES_H 1
| #define HAVE_STDINT_H 1
| #define HAVE_UNISTD_H 1
| #define HAVE_DLFCN_H 1
| #define LT_OBJDIR ".libs/"
| #define HAVE_LIBCRYPTO 1
| #define HAVE_LIBDL 1
| #define HAVE_LIBPTHREAD 1
| #define HAVE_LIBSSL 1
| /* end confdefs.h.  */
| #include <stdio.h>
| #ifdef HAVE_SYS_TYPES_H
| # include <sys/types.h>
| #endif
| #ifdef HAVE_SYS_STAT_H
| # include <sys/stat.h>
| #endif
| #ifdef STDC_HEADERS
| # include <stdlib.h>
| # include <stddef.h>
| #else
| # ifdef HAVE_STDLIB_H
| #  include <stdlib.h>
| # endif
| #endif
| #ifdef HAVE_STRING_H
| # if !defined STDC_HEADERS && defined HAVE_MEMORY_H
| #  include <memory.h>
| # endif
| # include <string.h>
| #endif
| #ifdef HAVE_STRINGS_H
| # include <strings.h>
| #endif
| #ifdef HAVE_INTTYPES_H
| # include <inttypes.h>
| #endif
| #ifdef HAVE_STDINT_H
| # include <stdint.h>
| #endif
| #ifdef HAVE_UNISTD_H
| # include <unistd.h>
| #endif
| int
| main ()
| {
| if (sizeof ((size_t)))
| 	    return 0;
|   ;
|   return 0;
| }
configure:16236: result: yes
configure:16249: checking for working alloca.h
configure:16266: gcc -o conftest -g -O2   conftest.c -lssl -lpthread -ldl -lcrypto  >&5
configure:16266: $? = 0
configure:16274: result: yes
configure:16282: checking for alloca
configure:16319: gcc -o conftest -g -O2   conftest.c -lssl -lpthread -ldl -lcrypto  >&5
configure:16319: $? = 0
configure:16327: result: yes
configure:16436: checking float.h usability
configure:16436: gcc -c -g -O2  conftest.c >&5
configure:16436: $? = 0
configure:16436: result: yes
configure:16436: checking float.h presence
configure:16436: gcc -E  conftest.c
configure:16436: $? = 0
configure:16436: result: yes
configure:16436: checking for float.h
configure:16436: result: yes
configure:16436: checking for inttypes.h
configure:16436: result: yes
configure:16436: checking limits.h usability
configure:16436: gcc -c -g -O2  conftest.c >&5
configure:16436: $? = 0
configure:16436: result: yes
configure:16436: checking limits.h presence
configure:16436: gcc -E  conftest.c
configure:16436: $? = 0
configure:16436: result: yes
configure:16436: checking for limits.h
configure:16436: result: yes
configure:16436: checking malloc.h usability
configure:16436: gcc -c -g -O2  conftest.c >&5
configure:16436: $? = 0
configure:16436: result: yes
configure:16436: checking malloc.h presence
configure:16436: gcc -E  conftest.c
configure:16436: $? = 0
configure:16436: result: yes
configure:16436: checking for malloc.h
configure:16436: result: yes
configure:16436: checking netinet/in.h usability
configure:16436: gcc -c -g -O2  conftest.c >&5
configure:16436: $? = 0
configure:16436: result: yes
configure:16436: checking netinet/in.h presence
configure:16436: gcc -E  conftest.c
configure:16436: $? = 0
configure:16436: result: yes
configure:16436: checking for netinet/in.h
configure:16436: result: yes
configure:16436: checking stddef.h usability
configure:16436: gcc -c -g -O2  conftest.c >&5
configure:16436: $? = 0
configure:16436: result: yes
configure:16436: checking stddef.h presence
configure:16436: gcc -E  conftest.c
configure:16436: $? = 0
configure:16436: result: yes
configure:16436: checking for stddef.h
configure:16436: result: yes
configure:16436: checking for stdint.h
configure:16436: result: yes
configure:16436: checking for stdlib.h
configure:16436: result: yes
configure:16436: checking for string.h
configure:16436: result: yes
configure:16436: checking for unistd.h
configure:16436: result: yes
configure:16448: checking for inline
configure:16464: gcc -c -g -O2  conftest.c >&5
configure:16464: $? = 0
configure:16472: result: inline
configure:16490: checking for int16_t
configure:16490: gcc -c -g -O2  conftest.c >&5
configure:16490: $? = 0
configure:16490: gcc -c -g -O2  conftest.c >&5
conftest.c: In function 'main':
conftest.c:76:12: error: size of array 'test_array' is negative
 static int test_array [1 - 2 * !((int16_t) (((((int16_t) 1 << N) << N) - 1) * 2 + 1)
            ^
configure:16490: $? = 1
configure: failed program was:
| /* confdefs.h */
| #define PACKAGE_NAME "sec_v2xd"
| #define PACKAGE_TARNAME "sec_v2xd"
| #define PACKAGE_VERSION "1.1.0"
| #define PACKAGE_STRING "sec_v2xd 1.1.0"
| #define PACKAGE_BUGREPORT "xx@xx.com"
| #define PACKAGE_URL ""
| #define PACKAGE "sec_v2xd"
| #define VERSION "1.1.0"
| #define STDC_HEADERS 1
| #define HAVE_SYS_TYPES_H 1
| #define HAVE_SYS_STAT_H 1
| #define HAVE_STDLIB_H 1
| #define HAVE_STRING_H 1
| #define HAVE_MEMORY_H 1
| #define HAVE_STRINGS_H 1
| #define HAVE_INTTYPES_H 1
| #define HAVE_STDINT_H 1
| #define HAVE_UNISTD_H 1
| #define HAVE_DLFCN_H 1
| #define LT_OBJDIR ".libs/"
| #define HAVE_LIBCRYPTO 1
| #define HAVE_LIBDL 1
| #define HAVE_LIBPTHREAD 1
| #define HAVE_LIBSSL 1
| #define HAVE_ALLOCA_H 1
| #define HAVE_ALLOCA 1
| #define HAVE_FLOAT_H 1
| #define HAVE_INTTYPES_H 1
| #define HAVE_LIMITS_H 1
| #define HAVE_MALLOC_H 1
| #define HAVE_NETINET_IN_H 1
| #define HAVE_STDDEF_H 1
| #define HAVE_STDINT_H 1
| #define HAVE_STDLIB_H 1
| #define HAVE_STRING_H 1
| #define HAVE_UNISTD_H 1
| /* end confdefs.h.  */
| #include <stdio.h>
| #ifdef HAVE_SYS_TYPES_H
| # include <sys/types.h>
| #endif
| #ifdef HAVE_SYS_STAT_H
| # include <sys/stat.h>
| #endif
| #ifdef STDC_HEADERS
| # include <stdlib.h>
| # include <stddef.h>
| #else
| # ifdef HAVE_STDLIB_H
| #  include <stdlib.h>
| # endif
| #endif
| #ifdef HAVE_STRING_H
| # if !defined STDC_HEADERS && defined HAVE_MEMORY_H
| #  include <memory.h>
| # endif
| # include <string.h>
| #endif
| #ifdef HAVE_STRINGS_H
| # include <strings.h>
| #endif
| #ifdef HAVE_INTTYPES_H
| # include <inttypes.h>
| #endif
| #ifdef HAVE_STDINT_H
| # include <stdint.h>
| #endif
| #ifdef HAVE_UNISTD_H
| # include <unistd.h>
| #endif
| 	        enum { N = 16 / 2 - 1 };
| int
| main ()
| {
| static int test_array [1 - 2 * !((int16_t) (((((int16_t) 1 << N) << N) - 1) * 2 + 1)
| 		 < (int16_t) (((((int16_t) 1 << N) << N) - 1) * 2 + 2))];
| test_array [0] = 0;
| return test_array [0];
| 
|   ;
|   return 0;
| }
configure:16490: result: yes
configure:16501: checking for int32_t
configure:16501: gcc -c -g -O2  conftest.c >&5
configure:16501: $? = 0
configure:16501: gcc -c -g -O2  conftest.c >&5
conftest.c: In function 'main':
conftest.c:77:53: warning: integer overflow in expression [-Woverflow]
    < (int32_t) (((((int32_t) 1 << N) << N) - 1) * 2 + 2))];
                                                     ^
conftest.c:76:12: error: storage size of 'test_array' isn't constant
 static int test_array [1 - 2 * !((int32_t) (((((int32_t) 1 << N) << N) - 1) * 2 + 1)
            ^
configure:16501: $? = 1
configure: failed program was:
| /* confdefs.h */
| #define PACKAGE_NAME "sec_v2xd"
| #define PACKAGE_TARNAME "sec_v2xd"
| #define PACKAGE_VERSION "1.1.0"
| #define PACKAGE_STRING "sec_v2xd 1.1.0"
| #define PACKAGE_BUGREPORT "xx@xx.com"
| #define PACKAGE_URL ""
| #define PACKAGE "sec_v2xd"
| #define VERSION "1.1.0"
| #define STDC_HEADERS 1
| #define HAVE_SYS_TYPES_H 1
| #define HAVE_SYS_STAT_H 1
| #define HAVE_STDLIB_H 1
| #define HAVE_STRING_H 1
| #define HAVE_MEMORY_H 1
| #define HAVE_STRINGS_H 1
| #define HAVE_INTTYPES_H 1
| #define HAVE_STDINT_H 1
| #define HAVE_UNISTD_H 1
| #define HAVE_DLFCN_H 1
| #define LT_OBJDIR ".libs/"
| #define HAVE_LIBCRYPTO 1
| #define HAVE_LIBDL 1
| #define HAVE_LIBPTHREAD 1
| #define HAVE_LIBSSL 1
| #define HAVE_ALLOCA_H 1
| #define HAVE_ALLOCA 1
| #define HAVE_FLOAT_H 1
| #define HAVE_INTTYPES_H 1
| #define HAVE_LIMITS_H 1
| #define HAVE_MALLOC_H 1
| #define HAVE_NETINET_IN_H 1
| #define HAVE_STDDEF_H 1
| #define HAVE_STDINT_H 1
| #define HAVE_STDLIB_H 1
| #define HAVE_STRING_H 1
| #define HAVE_UNISTD_H 1
| /* end confdefs.h.  */
| #include <stdio.h>
| #ifdef HAVE_SYS_TYPES_H
| # include <sys/types.h>
| #endif
| #ifdef HAVE_SYS_STAT_H
| # include <sys/stat.h>
| #endif
| #ifdef STDC_HEADERS
| # include <stdlib.h>
| # include <stddef.h>
| #else
| # ifdef HAVE_STDLIB_H
| #  include <stdlib.h>
| # endif
| #endif
| #ifdef HAVE_STRING_H
| # if !defined STDC_HEADERS && defined HAVE_MEMORY_H
| #  include <memory.h>
| # endif
| # include <string.h>
| #endif
| #ifdef HAVE_STRINGS_H
| # include <strings.h>
| #endif
| #ifdef HAVE_INTTYPES_H
| # include <inttypes.h>
| #endif
| #ifdef HAVE_STDINT_H
| # include <stdint.h>
| #endif
| #ifdef HAVE_UNISTD_H
| # include <unistd.h>
| #endif
| 	        enum { N = 32 / 2 - 1 };
| int
| main ()
| {
| static int test_array [1 - 2 * !((int32_t) (((((int32_t) 1 << N) << N) - 1) * 2 + 1)
| 		 < (int32_t) (((((int32_t) 1 << N) << N) - 1) * 2 + 2))];
| test_array [0] = 0;
| return test_array [0];
| 
|   ;
|   return 0;
| }
configure:16501: result: yes
configure:16512: checking for int64_t
configure:16512: gcc -c -g -O2  conftest.c >&5
configure:16512: $? = 0
configure:16512: gcc -c -g -O2  conftest.c >&5
conftest.c: In function 'main':
conftest.c:77:53: warning: integer overflow in expression [-Woverflow]
    < (int64_t) (((((int64_t) 1 << N) << N) - 1) * 2 + 2))];
                                                     ^
conftest.c:76:12: error: storage size of 'test_array' isn't constant
 static int test_array [1 - 2 * !((int64_t) (((((int64_t) 1 << N) << N) - 1) * 2 + 1)
            ^
configure:16512: $? = 1
configure: failed program was:
| /* confdefs.h */
| #define PACKAGE_NAME "sec_v2xd"
| #define PACKAGE_TARNAME "sec_v2xd"
| #define PACKAGE_VERSION "1.1.0"
| #define PACKAGE_STRING "sec_v2xd 1.1.0"
| #define PACKAGE_BUGREPORT "xx@xx.com"
| #define PACKAGE_URL ""
| #define PACKAGE "sec_v2xd"
| #define VERSION "1.1.0"
| #define STDC_HEADERS 1
| #define HAVE_SYS_TYPES_H 1
| #define HAVE_SYS_STAT_H 1
| #define HAVE_STDLIB_H 1
| #define HAVE_STRING_H 1
| #define HAVE_MEMORY_H 1
| #define HAVE_STRINGS_H 1
| #define HAVE_INTTYPES_H 1
| #define HAVE_STDINT_H 1
| #define HAVE_UNISTD_H 1
| #define HAVE_DLFCN_H 1
| #define LT_OBJDIR ".libs/"
| #define HAVE_LIBCRYPTO 1
| #define HAVE_LIBDL 1
| #define HAVE_LIBPTHREAD 1
| #define HAVE_LIBSSL 1
| #define HAVE_ALLOCA_H 1
| #define HAVE_ALLOCA 1
| #define HAVE_FLOAT_H 1
| #define HAVE_INTTYPES_H 1
| #define HAVE_LIMITS_H 1
| #define HAVE_MALLOC_H 1
| #define HAVE_NETINET_IN_H 1
| #define HAVE_STDDEF_H 1
| #define HAVE_STDINT_H 1
| #define HAVE_STDLIB_H 1
| #define HAVE_STRING_H 1
| #define HAVE_UNISTD_H 1
| /* end confdefs.h.  */
| #include <stdio.h>
| #ifdef HAVE_SYS_TYPES_H
| # include <sys/types.h>
| #endif
| #ifdef HAVE_SYS_STAT_H
| # include <sys/stat.h>
| #endif
| #ifdef STDC_HEADERS
| # include <stdlib.h>
| # include <stddef.h>
| #else
| # ifdef HAVE_STDLIB_H
| #  include <stdlib.h>
| # endif
| #endif
| #ifdef HAVE_STRING_H
| # if !defined STDC_HEADERS && defined HAVE_MEMORY_H
| #  include <memory.h>
| # endif
| # include <string.h>
| #endif
| #ifdef HAVE_STRINGS_H
| # include <strings.h>
| #endif
| #ifdef HAVE_INTTYPES_H
| # include <inttypes.h>
| #endif
| #ifdef HAVE_STDINT_H
| # include <stdint.h>
| #endif
| #ifdef HAVE_UNISTD_H
| # include <unistd.h>
| #endif
| 	        enum { N = 64 / 2 - 1 };
| int
| main ()
| {
| static int test_array [1 - 2 * !((int64_t) (((((int64_t) 1 << N) << N) - 1) * 2 + 1)
| 		 < (int64_t) (((((int64_t) 1 << N) << N) - 1) * 2 + 2))];
| test_array [0] = 0;
| return test_array [0];
| 
|   ;
|   return 0;
| }
configure:16512: result: yes
configure:16523: checking for int8_t
configure:16523: gcc -c -g -O2  conftest.c >&5
configure:16523: $? = 0
configure:16523: gcc -c -g -O2  conftest.c >&5
conftest.c: In function 'main':
conftest.c:76:12: error: size of array 'test_array' is negative
 static int test_array [1 - 2 * !((int8_t) (((((int8_t) 1 << N) << N) - 1) * 2 + 1)
            ^
configure:16523: $? = 1
configure: failed program was:
| /* confdefs.h */
| #define PACKAGE_NAME "sec_v2xd"
| #define PACKAGE_TARNAME "sec_v2xd"
| #define PACKAGE_VERSION "1.1.0"
| #define PACKAGE_STRING "sec_v2xd 1.1.0"
| #define PACKAGE_BUGREPORT "xx@xx.com"
| #define PACKAGE_URL ""
| #define PACKAGE "sec_v2xd"
| #define VERSION "1.1.0"
| #define STDC_HEADERS 1
| #define HAVE_SYS_TYPES_H 1
| #define HAVE_SYS_STAT_H 1
| #define HAVE_STDLIB_H 1
| #define HAVE_STRING_H 1
| #define HAVE_MEMORY_H 1
| #define HAVE_STRINGS_H 1
| #define HAVE_INTTYPES_H 1
| #define HAVE_STDINT_H 1
| #define HAVE_UNISTD_H 1
| #define HAVE_DLFCN_H 1
| #define LT_OBJDIR ".libs/"
| #define HAVE_LIBCRYPTO 1
| #define HAVE_LIBDL 1
| #define HAVE_LIBPTHREAD 1
| #define HAVE_LIBSSL 1
| #define HAVE_ALLOCA_H 1
| #define HAVE_ALLOCA 1
| #define HAVE_FLOAT_H 1
| #define HAVE_INTTYPES_H 1
| #define HAVE_LIMITS_H 1
| #define HAVE_MALLOC_H 1
| #define HAVE_NETINET_IN_H 1
| #define HAVE_STDDEF_H 1
| #define HAVE_STDINT_H 1
| #define HAVE_STDLIB_H 1
| #define HAVE_STRING_H 1
| #define HAVE_UNISTD_H 1
| /* end confdefs.h.  */
| #include <stdio.h>
| #ifdef HAVE_SYS_TYPES_H
| # include <sys/types.h>
| #endif
| #ifdef HAVE_SYS_STAT_H
| # include <sys/stat.h>
| #endif
| #ifdef STDC_HEADERS
| # include <stdlib.h>
| # include <stddef.h>
| #else
| # ifdef HAVE_STDLIB_H
| #  include <stdlib.h>
| # endif
| #endif
| #ifdef HAVE_STRING_H
| # if !defined STDC_HEADERS && defined HAVE_MEMORY_H
| #  include <memory.h>
| # endif
| # include <string.h>
| #endif
| #ifdef HAVE_STRINGS_H
| # include <strings.h>
| #endif
| #ifdef HAVE_INTTYPES_H
| # include <inttypes.h>
| #endif
| #ifdef HAVE_STDINT_H
| # include <stdint.h>
| #endif
| #ifdef HAVE_UNISTD_H
| # include <unistd.h>
| #endif
| 	        enum { N = 8 / 2 - 1 };
| int
| main ()
| {
| static int test_array [1 - 2 * !((int8_t) (((((int8_t) 1 << N) << N) - 1) * 2 + 1)
| 		 < (int8_t) (((((int8_t) 1 << N) << N) - 1) * 2 + 2))];
| test_array [0] = 0;
| return test_array [0];
| 
|   ;
|   return 0;
| }
configure:16523: result: yes
configure:16534: checking for off_t
configure:16534: gcc -c -g -O2  conftest.c >&5
configure:16534: $? = 0
configure:16534: gcc -c -g -O2  conftest.c >&5
conftest.c: In function 'main':
conftest.c:75:20: error: expected expression before ')' token
 if (sizeof ((off_t)))
                    ^
configure:16534: $? = 1
configure: failed program was:
| /* confdefs.h */
| #define PACKAGE_NAME "sec_v2xd"
| #define PACKAGE_TARNAME "sec_v2xd"
| #define PACKAGE_VERSION "1.1.0"
| #define PACKAGE_STRING "sec_v2xd 1.1.0"
| #define PACKAGE_BUGREPORT "xx@xx.com"
| #define PACKAGE_URL ""
| #define PACKAGE "sec_v2xd"
| #define VERSION "1.1.0"
| #define STDC_HEADERS 1
| #define HAVE_SYS_TYPES_H 1
| #define HAVE_SYS_STAT_H 1
| #define HAVE_STDLIB_H 1
| #define HAVE_STRING_H 1
| #define HAVE_MEMORY_H 1
| #define HAVE_STRINGS_H 1
| #define HAVE_INTTYPES_H 1
| #define HAVE_STDINT_H 1
| #define HAVE_UNISTD_H 1
| #define HAVE_DLFCN_H 1
| #define LT_OBJDIR ".libs/"
| #define HAVE_LIBCRYPTO 1
| #define HAVE_LIBDL 1
| #define HAVE_LIBPTHREAD 1
| #define HAVE_LIBSSL 1
| #define HAVE_ALLOCA_H 1
| #define HAVE_ALLOCA 1
| #define HAVE_FLOAT_H 1
| #define HAVE_INTTYPES_H 1
| #define HAVE_LIMITS_H 1
| #define HAVE_MALLOC_H 1
| #define HAVE_NETINET_IN_H 1
| #define HAVE_STDDEF_H 1
| #define HAVE_STDINT_H 1
| #define HAVE_STDLIB_H 1
| #define HAVE_STRING_H 1
| #define HAVE_UNISTD_H 1
| /* end confdefs.h.  */
| #include <stdio.h>
| #ifdef HAVE_SYS_TYPES_H
| # include <sys/types.h>
| #endif
| #ifdef HAVE_SYS_STAT_H
| # include <sys/stat.h>
| #endif
| #ifdef STDC_HEADERS
| # include <stdlib.h>
| # include <stddef.h>
| #else
| # ifdef HAVE_STDLIB_H
| #  include <stdlib.h>
| # endif
| #endif
| #ifdef HAVE_STRING_H
| # if !defined STDC_HEADERS && defined HAVE_MEMORY_H
| #  include <memory.h>
| # endif
| # include <string.h>
| #endif
| #ifdef HAVE_STRINGS_H
| # include <strings.h>
| #endif
| #ifdef HAVE_INTTYPES_H
| # include <inttypes.h>
| #endif
| #ifdef HAVE_STDINT_H
| # include <stdint.h>
| #endif
| #ifdef HAVE_UNISTD_H
| # include <unistd.h>
| #endif
| int
| main ()
| {
| if (sizeof ((off_t)))
| 	    return 0;
|   ;
|   return 0;
| }
configure:16534: result: yes
configure:16545: checking for size_t
configure:16545: result: yes
configure:16556: checking for ssize_t
configure:16556: gcc -c -g -O2  conftest.c >&5
configure:16556: $? = 0
configure:16556: gcc -c -g -O2  conftest.c >&5
conftest.c: In function 'main':
conftest.c:75:22: error: expected expression before ')' token
 if (sizeof ((ssize_t)))
                      ^
configure:16556: $? = 1
configure: failed program was:
| /* confdefs.h */
| #define PACKAGE_NAME "sec_v2xd"
| #define PACKAGE_TARNAME "sec_v2xd"
| #define PACKAGE_VERSION "1.1.0"
| #define PACKAGE_STRING "sec_v2xd 1.1.0"
| #define PACKAGE_BUGREPORT "xx@xx.com"
| #define PACKAGE_URL ""
| #define PACKAGE "sec_v2xd"
| #define VERSION "1.1.0"
| #define STDC_HEADERS 1
| #define HAVE_SYS_TYPES_H 1
| #define HAVE_SYS_STAT_H 1
| #define HAVE_STDLIB_H 1
| #define HAVE_STRING_H 1
| #define HAVE_MEMORY_H 1
| #define HAVE_STRINGS_H 1
| #define HAVE_INTTYPES_H 1
| #define HAVE_STDINT_H 1
| #define HAVE_UNISTD_H 1
| #define HAVE_DLFCN_H 1
| #define LT_OBJDIR ".libs/"
| #define HAVE_LIBCRYPTO 1
| #define HAVE_LIBDL 1
| #define HAVE_LIBPTHREAD 1
| #define HAVE_LIBSSL 1
| #define HAVE_ALLOCA_H 1
| #define HAVE_ALLOCA 1
| #define HAVE_FLOAT_H 1
| #define HAVE_INTTYPES_H 1
| #define HAVE_LIMITS_H 1
| #define HAVE_MALLOC_H 1
| #define HAVE_NETINET_IN_H 1
| #define HAVE_STDDEF_H 1
| #define HAVE_STDINT_H 1
| #define HAVE_STDLIB_H 1
| #define HAVE_STRING_H 1
| #define HAVE_UNISTD_H 1
| /* end confdefs.h.  */
| #include <stdio.h>
| #ifdef HAVE_SYS_TYPES_H
| # include <sys/types.h>
| #endif
| #ifdef HAVE_SYS_STAT_H
| # include <sys/stat.h>
| #endif
| #ifdef STDC_HEADERS
| # include <stdlib.h>
| # include <stddef.h>
| #else
| # ifdef HAVE_STDLIB_H
| #  include <stdlib.h>
| # endif
| #endif
| #ifdef HAVE_STRING_H
| # if !defined STDC_HEADERS && defined HAVE_MEMORY_H
| #  include <memory.h>
| # endif
| # include <string.h>
| #endif
| #ifdef HAVE_STRINGS_H
| # include <strings.h>
| #endif
| #ifdef HAVE_INTTYPES_H
| # include <inttypes.h>
| #endif
| #ifdef HAVE_STDINT_H
| # include <stdint.h>
| #endif
| #ifdef HAVE_UNISTD_H
| # include <unistd.h>
| #endif
| int
| main ()
| {
| if (sizeof ((ssize_t)))
| 	    return 0;
|   ;
|   return 0;
| }
configure:16556: result: yes
configure:16567: checking for uint16_t
configure:16567: gcc -c -g -O2  conftest.c >&5
configure:16567: $? = 0
configure:16567: result: yes
configure:16579: checking for uint32_t
configure:16579: gcc -c -g -O2  conftest.c >&5
configure:16579: $? = 0
configure:16579: result: yes
configure:16593: checking for uint64_t
configure:16593: gcc -c -g -O2  conftest.c >&5
configure:16593: $? = 0
configure:16593: result: yes
configure:16607: checking for uint8_t
configure:16607: gcc -c -g -O2  conftest.c >&5
configure:16607: $? = 0
configure:16607: result: yes
configure:16621: checking for ptrdiff_t
configure:16621: gcc -c -g -O2  conftest.c >&5
configure:16621: $? = 0
configure:16621: gcc -c -g -O2  conftest.c >&5
conftest.c: In function 'main':
conftest.c:75:24: error: expected expression before ')' token
 if (sizeof ((ptrdiff_t)))
                        ^
configure:16621: $? = 1
configure: failed program was:
| /* confdefs.h */
| #define PACKAGE_NAME "sec_v2xd"
| #define PACKAGE_TARNAME "sec_v2xd"
| #define PACKAGE_VERSION "1.1.0"
| #define PACKAGE_STRING "sec_v2xd 1.1.0"
| #define PACKAGE_BUGREPORT "xx@xx.com"
| #define PACKAGE_URL ""
| #define PACKAGE "sec_v2xd"
| #define VERSION "1.1.0"
| #define STDC_HEADERS 1
| #define HAVE_SYS_TYPES_H 1
| #define HAVE_SYS_STAT_H 1
| #define HAVE_STDLIB_H 1
| #define HAVE_STRING_H 1
| #define HAVE_MEMORY_H 1
| #define HAVE_STRINGS_H 1
| #define HAVE_INTTYPES_H 1
| #define HAVE_STDINT_H 1
| #define HAVE_UNISTD_H 1
| #define HAVE_DLFCN_H 1
| #define LT_OBJDIR ".libs/"
| #define HAVE_LIBCRYPTO 1
| #define HAVE_LIBDL 1
| #define HAVE_LIBPTHREAD 1
| #define HAVE_LIBSSL 1
| #define HAVE_ALLOCA_H 1
| #define HAVE_ALLOCA 1
| #define HAVE_FLOAT_H 1
| #define HAVE_INTTYPES_H 1
| #define HAVE_LIMITS_H 1
| #define HAVE_MALLOC_H 1
| #define HAVE_NETINET_IN_H 1
| #define HAVE_STDDEF_H 1
| #define HAVE_STDINT_H 1
| #define HAVE_STDLIB_H 1
| #define HAVE_STRING_H 1
| #define HAVE_UNISTD_H 1
| /* end confdefs.h.  */
| #include <stdio.h>
| #ifdef HAVE_SYS_TYPES_H
| # include <sys/types.h>
| #endif
| #ifdef HAVE_SYS_STAT_H
| # include <sys/stat.h>
| #endif
| #ifdef STDC_HEADERS
| # include <stdlib.h>
| # include <stddef.h>
| #else
| # ifdef HAVE_STDLIB_H
| #  include <stdlib.h>
| # endif
| #endif
| #ifdef HAVE_STRING_H
| # if !defined STDC_HEADERS && defined HAVE_MEMORY_H
| #  include <memory.h>
| # endif
| # include <string.h>
| #endif
| #ifdef HAVE_STRINGS_H
| # include <strings.h>
| #endif
| #ifdef HAVE_INTTYPES_H
| # include <inttypes.h>
| #endif
| #ifdef HAVE_STDINT_H
| # include <stdint.h>
| #endif
| #ifdef HAVE_UNISTD_H
| # include <unistd.h>
| #endif
| int
| main ()
| {
| if (sizeof ((ptrdiff_t)))
| 	    return 0;
|   ;
|   return 0;
| }
configure:16621: result: yes
configure:16633: checking for working strtod
configure:16674: gcc -o conftest -g -O2   conftest.c -lssl -lpthread -ldl -lcrypto  >&5
configure:16674: $? = 0
configure:16674: ./conftest
configure:16674: $? = 0
configure:16684: result: yes
configure:16749: checking for memchr
configure:16749: gcc -o conftest -g -O2   conftest.c -lssl -lpthread -ldl -lcrypto  >&5
conftest.c:63:6: warning: conflicting types for built-in function 'memchr'
 char memchr ();
      ^
configure:16749: $? = 0
configure:16749: result: yes
configure:16749: checking for memmove
configure:16749: gcc -o conftest -g -O2   conftest.c -lssl -lpthread -ldl -lcrypto  >&5
conftest.c:64:6: warning: conflicting types for built-in function 'memmove'
 char memmove ();
      ^
configure:16749: $? = 0
configure:16749: result: yes
configure:16749: checking for memset
configure:16749: gcc -o conftest -g -O2   conftest.c -lssl -lpthread -ldl -lcrypto  >&5
conftest.c:65:6: warning: conflicting types for built-in function 'memset'
 char memset ();
      ^
configure:16749: $? = 0
configure:16749: result: yes
configure:16749: checking for strerror
configure:16749: gcc -o conftest -g -O2   conftest.c -lssl -lpthread -ldl -lcrypto  >&5
configure:16749: $? = 0
configure:16749: result: yes
configure:16906: checking that generated files are newer than configure
configure:16912: result: done
configure:16939: creating ./config.status

## ---------------------- ##
## Running config.status. ##
## ---------------------- ##

This file was extended by sec_v2xd config.status 1.1.0, which was
generated by GNU Autoconf 2.69.  Invocation command line was

  CONFIG_FILES    = 
  CONFIG_HEADERS  = 
  CONFIG_LINKS    = 
  CONFIG_COMMANDS = 
  $ ./config.status 

on SZHPC12050

config.status:1075: creating Makefile
config.status:1075: creating asn/Makefile
config.status:1247: executing depfiles commands
config.status:1247: executing libtool commands

## ---------------- ##
## Cache variables. ##
## ---------------- ##

ac_cv_build=x86_64-pc-linux-gnu
ac_cv_c_compiler_gnu=yes
ac_cv_c_inline=inline
ac_cv_c_int16_t=yes
ac_cv_c_int32_t=yes
ac_cv_c_int64_t=yes
ac_cv_c_int8_t=yes
ac_cv_c_uint16_t=yes
ac_cv_c_uint32_t=yes
ac_cv_c_uint64_t=yes
ac_cv_c_uint8_t=yes
ac_cv_cxx_compiler_gnu=yes
ac_cv_env_CCC_set=
ac_cv_env_CCC_value=
ac_cv_env_CC_set=
ac_cv_env_CC_value=
ac_cv_env_CFLAGS_set=
ac_cv_env_CFLAGS_value=
ac_cv_env_CPPFLAGS_set=
ac_cv_env_CPPFLAGS_value=
ac_cv_env_CPP_set=
ac_cv_env_CPP_value=
ac_cv_env_CXXCPP_set=
ac_cv_env_CXXCPP_value=
ac_cv_env_CXXFLAGS_set=
ac_cv_env_CXXFLAGS_value=
ac_cv_env_CXX_set=
ac_cv_env_CXX_value=
ac_cv_env_LDFLAGS_set=
ac_cv_env_LDFLAGS_value=
ac_cv_env_LIBS_set=
ac_cv_env_LIBS_value=
ac_cv_env_LT_SYS_LIBRARY_PATH_set=
ac_cv_env_LT_SYS_LIBRARY_PATH_value=
ac_cv_env_build_alias_set=
ac_cv_env_build_alias_value=
ac_cv_env_host_alias_set=
ac_cv_env_host_alias_value=
ac_cv_env_target_alias_set=
ac_cv_env_target_alias_value=
ac_cv_func_alloca_works=yes
ac_cv_func_memchr=yes
ac_cv_func_memmove=yes
ac_cv_func_memset=yes
ac_cv_func_strerror=yes
ac_cv_func_strtod=yes
ac_cv_header_dlfcn_h=yes
ac_cv_header_float_h=yes
ac_cv_header_inttypes_h=yes
ac_cv_header_limits_h=yes
ac_cv_header_malloc_h=yes
ac_cv_header_memory_h=yes
ac_cv_header_netinet_in_h=yes
ac_cv_header_stdc=yes
ac_cv_header_stddef_h=yes
ac_cv_header_stdint_h=yes
ac_cv_header_stdlib_h=yes
ac_cv_header_string_h=yes
ac_cv_header_strings_h=yes
ac_cv_header_sys_stat_h=yes
ac_cv_header_sys_types_h=yes
ac_cv_header_unistd_h=yes
ac_cv_host=x86_64-pc-linux-gnu
ac_cv_lib_crypto_main=yes
ac_cv_lib_dl_main=yes
ac_cv_lib_pthread_main=yes
ac_cv_lib_ssl_main=yes
ac_cv_objext=o
ac_cv_path_EGREP='/bin/grep -E'
ac_cv_path_FGREP='/bin/grep -F'
ac_cv_path_GREP=/bin/grep
ac_cv_path_SED=/bin/sed
ac_cv_path_install='/usr/bin/install -c'
ac_cv_path_lt_DD=/bin/dd
ac_cv_path_mkdir=/bin/mkdir
ac_cv_prog_AWK=gawk
ac_cv_prog_CPP='gcc -E'
ac_cv_prog_CXXCPP='g++ -E'
ac_cv_prog_ac_ct_AR=ar
ac_cv_prog_ac_ct_CC=gcc
ac_cv_prog_ac_ct_CXX=g++
ac_cv_prog_ac_ct_MANIFEST_TOOL=mt
ac_cv_prog_ac_ct_OBJDUMP=objdump
ac_cv_prog_ac_ct_RANLIB=ranlib
ac_cv_prog_ac_ct_STRIP=strip
ac_cv_prog_cc_c89=
ac_cv_prog_cc_g=yes
ac_cv_prog_cxx_g=yes
ac_cv_prog_make_make_set=yes
ac_cv_type_off_t=yes
ac_cv_type_ptrdiff_t=yes
ac_cv_type_size_t=yes
ac_cv_type_ssize_t=yes
ac_cv_working_alloca_h=yes
am_cv_CC_dependencies_compiler_type=gcc3
am_cv_CXX_dependencies_compiler_type=gcc3
am_cv_make_support_nested_variables=yes
am_cv_prog_cc_c_o=yes
lt_cv_ar_at_file=@
lt_cv_archive_cmds_need_lc=no
lt_cv_deplibs_check_method=pass_all
lt_cv_file_magic_cmd='$MAGIC_CMD'
lt_cv_file_magic_test_file=
lt_cv_ld_reload_flag=-r
lt_cv_nm_interface='BSD nm'
lt_cv_objdir=.libs
lt_cv_path_LD=/usr/bin/ld
lt_cv_path_LDCXX='/usr/bin/ld -m elf_x86_64'
lt_cv_path_NM='/usr/bin/nm -B'
lt_cv_path_mainfest_tool=no
lt_cv_prog_compiler_c_o=yes
lt_cv_prog_compiler_c_o_CXX=yes
lt_cv_prog_compiler_pic='-fPIC -DPIC'
lt_cv_prog_compiler_pic_CXX='-fPIC -DPIC'
lt_cv_prog_compiler_pic_works=yes
lt_cv_prog_compiler_pic_works_CXX=yes
lt_cv_prog_compiler_rtti_exceptions=no
lt_cv_prog_compiler_static_works=yes
lt_cv_prog_compiler_static_works_CXX=yes
lt_cv_prog_gnu_ld=yes
lt_cv_prog_gnu_ldcxx=yes
lt_cv_sharedlib_from_linklib_cmd='printf %s\n'
lt_cv_shlibpath_overrides_runpath=no
lt_cv_sys_global_symbol_pipe='sed -n -e '\''s/^.*[	 ]\([ABCDGIRSTW][ABCDGIRSTW]*\)[	 ][	 ]*\([_A-Za-z][_A-Za-z0-9]*\)$/\1 \2 \2/p'\'' | sed '\''/ __gnu_lto/d'\'''
lt_cv_sys_global_symbol_to_c_name_address='sed -n -e '\''s/^: \(.*\) .*$/  {"\1", (void *) 0},/p'\'' -e '\''s/^[ABCDGIRSTW][ABCDGIRSTW]* .* \(.*\)$/  {"\1", (void *) \&\1},/p'\'''
lt_cv_sys_global_symbol_to_c_name_address_lib_prefix='sed -n -e '\''s/^: \(.*\) .*$/  {"\1", (void *) 0},/p'\'' -e '\''s/^[ABCDGIRSTW][ABCDGIRSTW]* .* \(lib.*\)$/  {"\1", (void *) \&\1},/p'\'' -e '\''s/^[ABCDGIRSTW][ABCDGIRSTW]* .* \(.*\)$/  {"lib\1", (void *) \&\1},/p'\'''
lt_cv_sys_global_symbol_to_cdecl='sed -n -e '\''s/^T .* \(.*\)$/extern int \1();/p'\'' -e '\''s/^[ABCDGIRSTW][ABCDGIRSTW]* .* \(.*\)$/extern char \1;/p'\'''
lt_cv_sys_global_symbol_to_import=
lt_cv_sys_max_cmd_len=1572864
lt_cv_to_host_file_cmd=func_convert_file_noop
lt_cv_to_tool_file_cmd=func_convert_file_noop
lt_cv_truncate_bin='/bin/dd bs=4096 count=1'

## ----------------- ##
## Output variables. ##
## ----------------- ##

ACLOCAL='${SHELL} /home/yuk6szh/DATA/GIT_V2X/V2X-Security-Stack/missing aclocal-1.15'
ALLOCA=''
AMDEPBACKSLASH='\'
AMDEP_FALSE='#'
AMDEP_TRUE=''
AMTAR='$${TAR-tar}'
AM_BACKSLASH='\'
AM_DEFAULT_V='$(AM_DEFAULT_VERBOSITY)'
AM_DEFAULT_VERBOSITY='1'
AM_V='$(V)'
AR='ar'
AUTOCONF='${SHELL} /home/yuk6szh/DATA/GIT_V2X/V2X-Security-Stack/missing autoconf'
AUTOHEADER='${SHELL} /home/yuk6szh/DATA/GIT_V2X/V2X-Security-Stack/missing autoheader'
AUTOMAKE='${SHELL} /home/yuk6szh/DATA/GIT_V2X/V2X-Security-Stack/missing automake-1.15'
AWK='gawk'
CC='gcc'
CCDEPMODE='depmode=gcc3'
CFLAGS='-g -O2'
CPP='gcc -E'
CPPFLAGS=''
CXX='g++'
CXXCPP='g++ -E'
CXXDEPMODE='depmode=gcc3'
CXXFLAGS='-g -O2'
CYGPATH_W='echo'
DEFS='-DPACKAGE_NAME=\"sec_v2xd\" -DPACKAGE_TARNAME=\"sec_v2xd\" -DPACKAGE_VERSION=\"1.1.0\" -DPACKAGE_STRING=\"sec_v2xd\ 1.1.0\" -DPACKAGE_BUGREPORT=\"xx@xx.com\" -DPACKAGE_URL=\"\" -DPACKAGE=\"sec_v2xd\" -DVERSION=\"1.1.0\" -DSTDC_HEADERS=1 -DHAVE_SYS_TYPES_H=1 -DHAVE_SYS_STAT_H=1 -DHAVE_STDLIB_H=1 -DHAVE_STRING_H=1 -DHAVE_MEMORY_H=1 -DHAVE_STRINGS_H=1 -DHAVE_INTTYPES_H=1 -DHAVE_STDINT_H=1 -DHAVE_UNISTD_H=1 -DHAVE_DLFCN_H=1 -DLT_OBJDIR=\".libs/\" -DHAVE_LIBCRYPTO=1 -DHAVE_LIBDL=1 -DHAVE_LIBPTHREAD=1 -DHAVE_LIBSSL=1 -DHAVE_ALLOCA_H=1 -DHAVE_ALLOCA=1 -DHAVE_FLOAT_H=1 -DHAVE_INTTYPES_H=1 -DHAVE_LIMITS_H=1 -DHAVE_MALLOC_H=1 -DHAVE_NETINET_IN_H=1 -DHAVE_STDDEF_H=1 -DHAVE_STDINT_H=1 -DHAVE_STDLIB_H=1 -DHAVE_STRING_H=1 -DHAVE_UNISTD_H=1 -DHAVE_PTRDIFF_T=1 -DHAVE_MEMCHR=1 -DHAVE_MEMMOVE=1 -DHAVE_MEMSET=1 -DHAVE_STRERROR=1'
DEPDIR='.deps'
DLLTOOL='false'
DSYMUTIL=''
DUMPBIN=''
ECHO_C=''
ECHO_N='-n'
ECHO_T=''
EGREP='/bin/grep -E'
EXEEXT=''
FGREP='/bin/grep -F'
GREP='/bin/grep'
INSTALL_DATA='${INSTALL} -m 644'
INSTALL_PROGRAM='${INSTALL}'
INSTALL_SCRIPT='${INSTALL}'
INSTALL_STRIP_PROGRAM='$(install_sh) -c -s'
LD='/usr/bin/ld -m elf_x86_64'
LDFLAGS=''
LIBOBJS=''
LIBS='-lssl -lpthread -ldl -lcrypto '
LIBTOOL='$(SHELL) $(top_builddir)/libtool'
LIPO=''
LN_S='ln -s'
LTLIBOBJS=''
LT_SYS_LIBRARY_PATH=''
MAKEINFO='${SHELL} /home/yuk6szh/DATA/GIT_V2X/V2X-Security-Stack/missing makeinfo'
MANIFEST_TOOL=':'
MKDIR_P='/bin/mkdir -p'
NM='/usr/bin/nm -B'
NMEDIT=''
OBJDUMP='objdump'
OBJEXT='o'
OTOOL64=''
OTOOL=''
PACKAGE='sec_v2xd'
PACKAGE_BUGREPORT='xx@xx.com'
PACKAGE_NAME='sec_v2xd'
PACKAGE_STRING='sec_v2xd 1.1.0'
PACKAGE_TARNAME='sec_v2xd'
PACKAGE_URL=''
PACKAGE_VERSION='1.1.0'
PATH_SEPARATOR=':'
POW_LIB=''
RANLIB='ranlib'
SED='/bin/sed'
SET_MAKE=''
SHELL='/bin/sh'
STRIP='strip'
VERSION='1.1.0'
ac_ct_AR='ar'
ac_ct_CC='gcc'
ac_ct_CXX='g++'
ac_ct_DUMPBIN=''
am__EXEEXT_FALSE=''
am__EXEEXT_TRUE='#'
am__fastdepCC_FALSE='#'
am__fastdepCC_TRUE=''
am__fastdepCXX_FALSE='#'
am__fastdepCXX_TRUE=''
am__include='include'
am__isrc=''
am__leading_dot='.'
am__nodep='_no'
am__quote=''
am__tar='$${TAR-tar} chof - "$$tardir"'
am__untar='$${TAR-tar} xf -'
bindir='${exec_prefix}/bin'
build='x86_64-pc-linux-gnu'
build_alias=''
build_cpu='x86_64'
build_os='linux-gnu'
build_vendor='pc'
datadir='${datarootdir}'
datarootdir='${prefix}/share'
docdir='${datarootdir}/doc/${PACKAGE_TARNAME}'
dvidir='${docdir}'
exec_prefix='${prefix}'
host='x86_64-pc-linux-gnu'
host_alias=''
host_cpu='x86_64'
host_os='linux-gnu'
host_vendor='pc'
htmldir='${docdir}'
includedir='${prefix}/include'
infodir='${datarootdir}/info'
install_sh='${SHELL} /home/yuk6szh/DATA/GIT_V2X/V2X-Security-Stack/install-sh'
libdir='${exec_prefix}/lib'
libexecdir='${exec_prefix}/libexec'
localedir='${datarootdir}/locale'
localstatedir='${prefix}/var'
mandir='${datarootdir}/man'
mkdir_p='$(MKDIR_P)'
oldincludedir='/usr/include'
pdfdir='${docdir}'
prefix='/home/yuk6szh/DATA/GIT_V2X/V2X-Security-Stack'
program_transform_name='s,x,x,'
psdir='${docdir}'
runstatedir='${localstatedir}/run'
sbindir='${exec_prefix}/sbin'
sharedstatedir='${prefix}/com'
sysconfdir='${prefix}/etc'
target_alias=''

## ----------- ##
## confdefs.h. ##
## ----------- ##

/* confdefs.h */
#define PACKAGE_NAME "sec_v2xd"
#define PACKAGE_TARNAME "sec_v2xd"
#define PACKAGE_VERSION "1.1.0"
#define PACKAGE_STRING "sec_v2xd 1.1.0"
#define PACKAGE_BUGREPORT "xx@xx.com"
#define PACKAGE_URL ""
#define PACKAGE "sec_v2xd"
#define VERSION "1.1.0"
#define STDC_HEADERS 1
#define HAVE_SYS_TYPES_H 1
#define HAVE_SYS_STAT_H 1
#define HAVE_STDLIB_H 1
#define HAVE_STRING_H 1
#define HAVE_MEMORY_H 1
#define HAVE_STRINGS_H 1
#define HAVE_INTTYPES_H 1
#define HAVE_STDINT_H 1
#define HAVE_UNISTD_H 1
#define HAVE_DLFCN_H 1
#define LT_OBJDIR ".libs/"
#define HAVE_LIBCRYPTO 1
#define HAVE_LIBDL 1
#define HAVE_LIBPTHREAD 1
#define HAVE_LIBSSL 1
#define HAVE_ALLOCA_H 1
#define HAVE_ALLOCA 1
#define HAVE_FLOAT_H 1
#define HAVE_INTTYPES_H 1
#define HAVE_LIMITS_H 1
#define HAVE_MALLOC_H 1
#define HAVE_NETINET_IN_H 1
#define HAVE_STDDEF_H 1
#define HAVE_STDINT_H 1
#define HAVE_STDLIB_H 1
#define HAVE_STRING_H 1
#define HAVE_UNISTD_H 1
#define HAVE_PTRDIFF_T 1
#define HAVE_MEMCHR 1
#define HAVE_MEMMOVE 1
#define HAVE_MEMSET 1
#define HAVE_STRERROR 1

configure: exit 0
